<?xml version="1.0" encoding="UTF-8"?>
<!-- Generated by org.testng.reporters.JUnitReportReporter -->
<testsuite hostname="DESKTOP-50A2D6B" failures="0" tests="2" name="testngExample.MainWithCsvReport" time="5.319" errors="0" timestamp="2025-09-08T18:23:56 IST" skipped="0">
  <testcase classname="testngExample.MainWithCsvReport" name="testPageTitle" time="3.330"/>
  <testcase classname="testngExample.MainWithCsvReport" name="testRoleBasedLocator" time="1.989"/>
</testsuite> <!-- testngExample.MainWithCsvReport -->
