<?xml version="1.0" encoding="UTF-8"?>
<!-- Generated by org.testng.reporters.JUnitReportReporter -->
<testsuite hostname="DESKTOP-50A2D6B" failures="0" tests="8" name="testngExample.Main" time="23.206" errors="0" timestamp="2025-09-08T17:42:06 IST" skipped="0">
  <testcase classname="testngExample.Main" name="testPageTitle" time="3.408"/>
  <testcase classname="testngExample.Main" name="testPopupOrSameTabNavigation" time="3.547"/>
  <testcase classname="testngExample.Main" name="testBlogsLinkNavigation" time="2.856"/>
  <testcase classname="testngExample.Main" name="testImageAltAttribute" time="2.903"/>
  <testcase classname="testngExample.Main" name="testTextBasedLocator" time="2.921"/>
  <testcase classname="testngExample.Main" name="testRoleBasedLocator" time="2.483"/>
  <testcase classname="testngExample.Main" name="testXPathLocator" time="2.498"/>
  <testcase classname="testngExample.Main" name="testCssSelectorBadge" time="2.590"/>
</testsuite> <!-- testngExample.Main -->
