<?xml version="1.0" encoding="UTF-8"?>
<!-- Generated by org.testng.reporters.JUnitReportReporter -->
<testsuite hostname="DESKTOP-50A2D6B" failures="0" tests="1" name="testngExample.GetRolemethod" time="21.541" errors="0" timestamp="2025-09-08T16:40:29 IST" skipped="0">
  <testcase classname="testngExample.GetRolemethod" name="mainTest" time="21.541"/>
</testsuite> <!-- testngExample.GetRolemethod -->
