<?xml version="1.0" encoding="UTF-8"?>
<!-- Generated by org.testng.reporters.JUnitReportReporter -->
<testsuite hostname="DESKTOP-50A2D6B" failures="0" tests="8" name="testngExample.Main" time="17.887" errors="0" timestamp="2025-09-08T17:17:30 IST" skipped="0">
  <testcase classname="testngExample.Main" name="testPopupOrSameTabNavigation" time="3.382"/>
  <testcase classname="testngExample.Main" name="testTextBasedLocator" time="2.127"/>
  <testcase classname="testngExample.Main" name="testPageTitle" time="2.052"/>
  <testcase classname="testngExample.Main" name="testBlogsLinkNavigation" time="2.196"/>
  <testcase classname="testngExample.Main" name="testImageAltAttribute" time="2.001"/>
  <testcase classname="testngExample.Main" name="testRoleBasedLocator" time="2.003"/>
  <testcase classname="testngExample.Main" name="testCssSelectorBadge" time="2.020"/>
  <testcase classname="testngExample.Main" name="testXPathLocator" time="2.106"/>
</testsuite> <!-- testngExample.Main -->
